1574215059472	mozrunner::runner	INFO	Running command: "C:\\Program Files\\Mozilla Firefox\\firefox.exe" "-marionette" "-foreground" "-no-remote" "-profile" "C:\\Users\\胡杰\\AppData\\Local\\Temp\\rust_mozprofile5hA8YZ"
1574215060373	addons.webextension.screenshots@mozilla.org	WARN	Loading extension 'screenshots@mozilla.org': Reading manifest: Invalid extension permission: mozillaAddons
1574215060374	addons.webextension.screenshots@mozilla.org	WARN	Loading extension 'screenshots@mozilla.org': Reading manifest: Invalid extension permission: resource://pdf.js/
1574215060374	addons.webextension.screenshots@mozilla.org	WARN	Loading extension 'screenshots@mozilla.org': Reading manifest: Invalid extension permission: about:reader*
1574215062369	Marionette	INFO	Listening on port 2339
1574215062605	Marionette	WARN	TLS certificate errors will be ignored for this session
1574215093838	Marionette	INFO	Stopped listening on port 2339
[Parent 3948, Gecko_IOThread] WARNING: pipe error: 109: file z:/task_1559936101/build/src/ipc/chromium/src/chrome/common/ipc_channel_win.cc, line 341
[Child 1592, Chrome_ChildThread] WARNING: pipe error: 109: file z:/task_1559936101/build/src/ipc/chromium/src/chrome/common/ipc_channel_win.cc, line 341
[Child 1592, Chrome_ChildThread] WARNING: pipe error: 109: file z:/task_1559[Parent 3948, Gecko_IOThread] WARNING: pipe error: 109: file z:/task_1559936101/build/src/ipc/chromium/src/chrome/common/ipc_channel_win.cc, line 341
[Child 1464, Chrome_ChildThread] WARNING: pipe error: 109: file z:/task_1559936101/build/src/ipc/chromium/src/chrome/common/ipc_channel_win.cc, line 341
[Child 1464, Chr[Parent 3948, Gecko_IOThread] WARNING: pipe error: 109: file z:/task_1559936101/build/src/ipc/chromium/src/chrome/common/ipc_channel_win.cc, line 341
[Child 4740, Chrome_ChildThread] WARNING: pipe error: 109: file z:/task_1559936101/build/src/ipc/chromium/src/chrome/common/ipc_channel_win.cc, line 341
[Child 4740, Chrome_ChildThread] WARNING: [GPU 4400
###!!! [Child][MessageChannel::SendAndWait] Error: Channel error: cannot send/recv

1574215172895	mozrunner::runner	INFO	Running command: "C:\\Program Files\\Mozilla Firefox\\firefox.exe" "-marionette" "-foreground" "-no-remote" "-profile" "C:\\Users\\胡杰\\AppData\\Local\\Temp\\rust_mozprofilepbWRS7"
1574215173371	addons.webextension.screenshots@mozilla.org	WARN	Loading extension 'screenshots@mozilla.org': Reading manifest: Invalid extension permission: mozillaAddons
1574215173371	addons.webextension.screenshots@mozilla.org	WARN	Loading extension 'screenshots@mozilla.org': Reading manifest: Invalid extension permission: resource://pdf.js/
1574215173371	addons.webextension.screenshots@mozilla.org	WARN	Loading extension 'screenshots@mozilla.org': Reading manifest: Invalid extension permission: about:reader*
1574215175055	Marionette	INFO	Listening on port 2435
1574215175515	Marionette	WARN	TLS certificate errors will be ignored for this session
console.error: BroadcastService: 
  receivedBroadcastMessage: handler for
  remote-settings/monitor_changes
  threw error:
  Message: Error: Polling for changes failed: http://%(server)s/dummy/blocklist//buckets/monitor/collections/changes/records?_expected=%221574208006201%22 is not a valid URL..
  Stack:
    remoteSettingsFunction/remoteSettings.pollChanges@resource://services-settings/remote-settings.js:203:13

1574215208149	Marionette	INFO	Stopped listening on port 2435
[Parent 13684, Gecko_IOThread] WARNING: pipe error: 109: file z:/task_1559936101/build/src/ipc/chromium/src/chrome/common/ipc_channel_win.cc, line 341
[Parent 13684, Gecko_IOThread] WARNING: pipe error: 109: file z:/task_1559936101/build/src/ipc/chromium/src/chrome/common/ipc_channel_win.cc, line 341
[Parent 13684, Gecko_IOThread] WARNING: pipe error: 109: file z:/task_1559936101/build/src/ipc/chromium/src/chrome/common/ipc_channel_win.cc, line 341

###!!! [Child][RunMessage] Error: Channel closing: too late to send/recv, messages will be lost

[GPU 7084, Chrome_ChildThrea
###!!! [Child][MessageChannel::SendAndWait] Error: Channel error: cannot send/recv

1574406592957	mozrunner::runner	INFO	Running command: "C:\\Program Files\\Mozilla Firefox\\firefox.exe" "-marionette" "-foreground" "-no-remote" "-profile" "C:\\Users\\胡杰\\AppData\\Local\\Temp\\rust_mozprofileWsyqHf"
1574406593445	addons.webextension.screenshots@mozilla.org	WARN	Loading extension 'screenshots@mozilla.org': Reading manifest: Invalid extension permission: mozillaAddons
1574406593445	addons.webextension.screenshots@mozilla.org	WARN	Loading extension 'screenshots@mozilla.org': Reading manifest: Invalid extension permission: resource://pdf.js/
1574406593445	addons.webextension.screenshots@mozilla.org	WARN	Loading extension 'screenshots@mozilla.org': Reading manifest: Invalid extension permission: about:reader*
1574406595433	Marionette	INFO	Listening on port 10781
1574406595593	Marionette	WARN	TLS certificate errors will be ignored for this session
console.error: BroadcastService: 
  receivedBroadcastMessage: handler for
  remote-settings/monitor_changes
  threw error:
  Message: Error: Polling for changes failed: http://%(server)s/dummy/blocklist//buckets/monitor/collections/changes/records?_expected=%221574380834333%22 is not a valid URL..
  Stack:
    remoteSettingsFunction/remoteSettings.pollChanges@resource://services-settings/remote-settings.js:203:13

1574406708419	mozrunner::runner	INFO	Running command: "C:\\Program Files\\Mozilla Firefox\\firefox.exe" "-marionette" "-foreground" "-no-remote" "-profile" "C:\\Users\\胡杰\\AppData\\Local\\Temp\\rust_mozprofilecrdrn7"
1574406708859	addons.webextension.screenshots@mozilla.org	WARN	Loading extension 'screenshots@mozilla.org': Reading manifest: Invalid extension permission: mozillaAddons
1574406708859	addons.webextension.screenshots@mozilla.org	WARN	Loading extension 'screenshots@mozilla.org': Reading manifest: Invalid extension permission: resource://pdf.js/
1574406708859	addons.webextension.screenshots@mozilla.org	WARN	Loading extension 'screenshots@mozilla.org': Reading manifest: Invalid extension permission: about:reader*
1574406710659	Marionette	INFO	Listening on port 10851
1574406711033	Marionette	WARN	TLS certificate errors will be ignored for this session
console.error: BroadcastService: 
  receivedBroadcastMessage: handler for
  remote-settings/monitor_changes
  threw error:
  Message: Error: Polling for changes failed: http://%(server)s/dummy/blocklist//buckets/monitor/collections/changes/records?_expected=%221574380834333%22 is not a valid URL..
  Stack:
    remoteSettingsFunction/remoteSettings.pollChanges@resource://services-settings/remote-settings.js:203:13

1574406770095	Marionette	INFO	Stopped listening on port 10851
[Parent 10352, Gecko_IOThread] WARNING: pipe error: 109: file z:/task_1559936101/build/src/ipc/chromium/src/chrome/common/ipc_channel_win.cc, line 341
[Child 2292, Chrome_ChildThread] WARNING: pipe error: 109: file z:/task_1559936101/build/src/ipc/chromium/src/chrome/common/ipc_channel_win.cc, line 341
[Child 2292,[Parent 10352, Gecko_IOThread] WARNING: pipe error: 109: file z:/task_1559936101/build/src/ipc/chromium/src/chrome/common/ipc_channel_win.cc, line 341
[Parent 10352, Gecko_IOThread] WARNING: pipe error: 109: file z:/task_1559936101/build/src/ipc/chromium/src/chrome/common/ipc_channel_win.cc, line 341
[Child 4264, Chrome_ChildThread] WARNING: pipe error: 109: file z:/task_1559936101/build/src/ipc/chromium/src/chrome/common/ipc_channel_win.cc, line 341
[Child 4264, Chrome_ChildThread] WARNING: pipe error: 109: file z:/task_1559936101/build/src/i
###!!! [Child][RunMessage] Error: Channel closing: too late to send/recv, messages will be lost

[GPU 10220, 
###!!! [Child][MessageChannel::SendAndWait] Error: Channel error: cannot send/recv

1574662631422	mozrunner::runner	INFO	Running command: "C:\\Program Files\\Mozilla Firefox\\firefox.exe" "-marionette" "-foreground" "-no-remote" "-profile" "C:\\Users\\胡杰\\AppData\\Local\\Temp\\rust_mozprofileAJ7fGF"
1574662632243	addons.webextension.screenshots@mozilla.org	WARN	Loading extension 'screenshots@mozilla.org': Reading manifest: Invalid extension permission: mozillaAddons
1574662632244	addons.webextension.screenshots@mozilla.org	WARN	Loading extension 'screenshots@mozilla.org': Reading manifest: Invalid extension permission: resource://pdf.js/
1574662632244	addons.webextension.screenshots@mozilla.org	WARN	Loading extension 'screenshots@mozilla.org': Reading manifest: Invalid extension permission: about:reader*
1574662635026	Marionette	INFO	Listening on port 2179
1574662635058	Marionette	WARN	TLS certificate errors will be ignored for this session
1574662676049	Marionette	INFO	Stopped listening on port 2179
[Parent 22468, Gecko_IOThread] WARNING: pipe error: 109: file z:/task_1559936101/build/src/ipc/chromium/src/chrome/common/ipc_channel_win.cc, line 341
[Child 9660, Chrome_ChildThread] WARNING: pipe error: 109: file z:/task_1559936101/build/src/ipc/chromium/src/chrome/common/ipc_channel_win.cc, line 341
[Child 9660, Chrome_ChildThread] WARNING: pipe error:[Parent 22468, Gecko_IOThread] WARNING: pipe error: 109: file z:/task_1559936101/build/src/ipc/chromium/src/chrome/common/ipc_channel_win.cc, line 341
[Child 22280, Chrome_ChildThread] WARNING: pipe error: 109: file z:/task_1559936101/build/src/ipc/chromium/src/chrome/common/ipc_channel_win.cc, line 341
[Child 22280, Chrome_ChildThread] WARNING: pipe error: 109: file z:/task_1559936101/build/src/ipc/chromium/src/chrome/common/ipc_channel_win.cc, line 341

###!!! [Child][RunMessage] Error: Channel closing: too late to send/recv, messages will be lost

[GPU 22428, Chrome_ChildThread] W
###!!! [Child][MessageChannel::SendAndWait] Error: Channel error: cannot send/recv

1575269348721	mozrunner::runner	INFO	Running command: "C:\\Program Files\\Mozilla Firefox\\firefox.exe" "-marionette" "-foreground" "-no-remote" "-profile" "C:\\Users\\胡杰\\AppData\\Local\\Temp\\rust_mozprofileafprDq"
1575269349207	addons.webextension.screenshots@mozilla.org	WARN	Loading extension 'screenshots@mozilla.org': Reading manifest: Invalid extension permission: mozillaAddons
1575269349207	addons.webextension.screenshots@mozilla.org	WARN	Loading extension 'screenshots@mozilla.org': Reading manifest: Invalid extension permission: resource://pdf.js/
1575269349207	addons.webextension.screenshots@mozilla.org	WARN	Loading extension 'screenshots@mozilla.org': Reading manifest: Invalid extension permission: about:reader*
1575269351310	Marionette	INFO	Listening on port 7388
1575269351342	Marionette	WARN	TLS certificate errors will be ignored for this session
console.error: BroadcastService: 
  receivedBroadcastMessage: handler for
  remote-settings/monitor_changes
  threw error:
  Message: Error: Polling for changes failed: http://%(server)s/dummy/blocklist//buckets/monitor/collections/changes/records?_expected=%221575158449963%22 is not a valid URL..
  Stack:
    remoteSettingsFunction/remoteSettings.pollChanges@resource://services-settings/remote-settings.js:203:13

1575269386569	Marionette	INFO	Stopped listening on port 7388
[Child 13884, Chrome_ChildThread] WARNING: pipe error: 109: file z:/task_1559936101/build/src/ipc/chromium/src/chrome/common/ipc_channel_win.cc, line 341
[Child 13884, Chrome_Child[Parent 12916, Gecko_IOThread] WARNING: pipe error: 109: file z:/task_1559936101/build/src/ipc/chromium/src/chrome/common/ipc_channel_win.cc, line 341
[Child 13864, Chrome_ChildThread] WARNING: pipe error: 109: file z:/task_1559936101/build/src/ipc/chromium/src/chrome/common/ipc_channel_win.cc, line 341
[Child 13864, Chrome_ChildThread] WARNING: pipe error: 109: f
###!!! [Child][RunMessage] Error: Channel closing: too late to send/recv, messages will be lost

[GPU 13680, Chrome_ChildThread] WARNING
###!!! [Child][MessageChannel::SendAndWait] Error: Channel error: cannot send/recv

1575276289375	mozrunner::runner	INFO	Running command: "C:\\Program Files\\Mozilla Firefox\\firefox.exe" "-marionette" "-foreground" "-no-remote" "-profile" "C:\\Users\\胡杰\\AppData\\Local\\Temp\\rust_mozprofileoy64jw"
1575276289820	addons.webextension.screenshots@mozilla.org	WARN	Loading extension 'screenshots@mozilla.org': Reading manifest: Invalid extension permission: mozillaAddons
1575276289821	addons.webextension.screenshots@mozilla.org	WARN	Loading extension 'screenshots@mozilla.org': Reading manifest: Invalid extension permission: resource://pdf.js/
1575276289821	addons.webextension.screenshots@mozilla.org	WARN	Loading extension 'screenshots@mozilla.org': Reading manifest: Invalid extension permission: about:reader*
1575276291965	Marionette	INFO	Listening on port 10311
1575276291989	Marionette	WARN	TLS certificate errors will be ignored for this session
console.error: BroadcastService: 
  receivedBroadcastMessage: handler for
  remote-settings/monitor_changes
  threw error:
  Message: Error: Polling for changes failed: http://%(server)s/dummy/blocklist//buckets/monitor/collections/changes/records?_expected=%221575158449963%22 is not a valid URL..
  Stack:
    remoteSettingsFunction/remoteSettings.pollChanges@resource://services-settings/remote-settings.js:203:13

1575276326300	Marionette	INFO	Stopped listening on port 10311
[Child 13732, Chrome_ChildThread] WARNING: pipe error: 109: file z:/task_1559936101/build/src/ipc/chromium/src/chrome/common/ipc_channel_win.cc, line 341
[Child 13732, Chrome_ChildThread] WARNING: pipe error: 109: file z:/task_1559936101/build/src/ipc/chromium/src/chrome/common/ipc_channel_win.cc, line 341
[Parent 12996, Gecko_IOThread] WARNING: pipe error: 109: file z:/task_1559936101/build/src/ipc/chromium/src/chrome/common/ipc_channel_win.cc, line 341
[Parent 12996, Gecko_IOThread] WARNING: pipe error: 109: file z:/task_1559936101/build/src/ipc/chromium/src/chrome/common/ipc_channel_win.cc, line 341
[Child 13664, Chrome_ChildThread] WARNING: pipe error: 109: file z:/task_1559936101/build/src/ipc/chromium/src/chrome/common/ipc_channel_win.cc, line 341
[Child 13664, Chrome_ChildThread] WARNING: pipe error: 109: file z:/task_1559936101/build/src/ipc/chromium/src/chrome/common/ipc_channel_win.cc, line 341
[GPU 5372, Chrom
###!!! [Child][MessageChannel::SendAndWait] Error: Channel error: cannot send/recv

1575353747924	mozrunner::runner	INFO	Running command: "C:\\Program Files\\Mozilla Firefox\\firefox.exe" "-marionette" "-foreground" "-no-remote" "-profile" "C:\\Users\\胡杰\\AppData\\Local\\Temp\\rust_mozprofile2yu9LU"
1575353748627	addons.webextension.screenshots@mozilla.org	WARN	Loading extension 'screenshots@mozilla.org': Reading manifest: Invalid extension permission: mozillaAddons
1575353748627	addons.webextension.screenshots@mozilla.org	WARN	Loading extension 'screenshots@mozilla.org': Reading manifest: Invalid extension permission: resource://pdf.js/
1575353748627	addons.webextension.screenshots@mozilla.org	WARN	Loading extension 'screenshots@mozilla.org': Reading manifest: Invalid extension permission: about:reader*
1575353751047	Marionette	INFO	Listening on port 7247
[Child 15988, Chrome_ChildThread] WARNING: pipe error: 109: file z:/task_1559936101/build/src/ipc/chromium/src/chrome/common/ipc_channel_win.cc, line 341
1575353751549	Marionette	WARN	TLS certificate errors will be ignored for this session
console.error: BroadcastService: 
  receivedBroadcastMessage: handler for
  remote-settings/monitor_changes
  threw error:
  Message: Error: Polling for changes failed: http://%(server)s/dummy/blocklist//buckets/monitor/collections/changes/records?_expected=%221575330556166%22 is not a valid URL..
  Stack:
    remoteSettingsFunction/remoteSettings.pollChanges@resource://services-settings/remote-settings.js:203:13

1575353813094	Marionette	INFO	Stopped listening on port 7247
[Parent 3808, Gecko_IOThread] WARNING: pipe error: 109: file z:/task_1559936101/build/src/ipc/chromium/src/chrome/common/ipc_channel_win.cc, line 341
[Child 7376, Chrome_ChildThread] WARNING: pipe error: 109: file z:/task_1559936101/build/src/ipc/chromium/src/chrome/common/ipc_channel_win.cc, line 341
[Child 7376, Chrome_ChildThread] WARNING: pipe error: 109: file z:/task_1559936101/build/src/ipc/chromium/src/chrome/common/ipc_channel_win.cc, line 341
[Parent 3808, Gecko_IOThread] WARNING: pipe error: 109: file z:/task_1559936101/build/src/ipc/chromium/src/chrome/common/ipc_channel_win.cc, line 341
[Parent 3808, Gecko_IOThread] WARNING: pipe error: 109: file z:/task_1559936101/build/src/ipc/chromium/src/chrome/common/ipc_channel_win.cc, line 341
[Child 16312, Chrome_ChildThread] WARNING: pipe error: 109: file z:/task_1559936101/build/src/ipc/chromium/src/chrome/common/ipc_channel_win.cc, line 341
[Child 
###!!! [Child][RunMessage] Error: Channel closing: too late to send/recv, messages will be lost

[GPU 158
###!!! [Child][MessageChannel::SendAndWait] Error: Channel error: cannot send/recv

1575353837184	mozrunner::runner	INFO	Running command: "C:\\Program Files\\Mozilla Firefox\\firefox.exe" "-marionette" "-foreground" "-no-remote" "-profile" "C:\\Users\\胡杰\\AppData\\Local\\Temp\\rust_mozprofileOkcjix"
1575353837903	addons.webextension.screenshots@mozilla.org	WARN	Loading extension 'screenshots@mozilla.org': Reading manifest: Invalid extension permission: mozillaAddons
1575353837903	addons.webextension.screenshots@mozilla.org	WARN	Loading extension 'screenshots@mozilla.org': Reading manifest: Invalid extension permission: resource://pdf.js/
1575353837903	addons.webextension.screenshots@mozilla.org	WARN	Loading extension 'screenshots@mozilla.org': Reading manifest: Invalid extension permission: about:reader*
1575353840881	Marionette	INFO	Listening on port 7433
1575353841314	Marionette	WARN	TLS certificate errors will be ignored for this session
console.error: BroadcastService: 
  receivedBroadcastMessage: handler for
  remote-settings/monitor_changes
  threw error:
  Message: Error: Polling for changes failed: http://%(server)s/dummy/blocklist//buckets/monitor/collections/changes/records?_expected=%221575330556166%22 is not a valid URL..
  Stack:
    remoteSettingsFunction/remoteSettings.pollChanges@resource://services-settings/remote-settings.js:203:13

1575353891972	Marionette	INFO	Stopped listening on port 7433
[Child 4540, Chrome_ChildThread] WARNING: pipe error: 109: file z:/task_1559936101/build/src/ipc/chromium/src/chrome/common/ipc_channel_win.cc, line 341
[Child 4540,[Parent 3244, Gecko_IOThread] WARNING: pipe error: 109: file z:/task_1559936101/build/src/ipc/chromium/src/chrome/common/ipc_channel_win.cc, line 341
[Child 1312, Chrome_ChildThread] WARNING: pipe error: 109: file z:/task_1559936101/build/src/ipc/chromium/src/chrome/common/ipc_channel_win.cc, line 341
[Child 1312, Chrome_ChildThread] WARNING: pipe 
###!!! [Child][RunMessage] Error: Channel closing: too late to send/recv, messages will be lost

[GPU 9456, Chrome_ChildThread] WARNING: pipe error: 109: file z:/task_1559936101/build/src/ipc/chromium/src/chrome/common/ipc_channel_win.cc, line 341

###!!! [Child][MessageChannel::SendAndWait] Error: Channel error: cannot send/recv

1575457268387	mozrunner::runner	INFO	Running command: "C:\\Program Files\\Mozilla Firefox\\firefox.exe" "-marionette" "-foreground" "-no-remote" "-profile" "C:\\Users\\胡杰\\AppData\\Local\\Temp\\rust_mozprofileAqUWz8"
1575457269099	addons.webextension.screenshots@mozilla.org	WARN	Loading extension 'screenshots@mozilla.org': Reading manifest: Invalid extension permission: mozillaAddons
1575457269099	addons.webextension.screenshots@mozilla.org	WARN	Loading extension 'screenshots@mozilla.org': Reading manifest: Invalid extension permission: resource://pdf.js/
1575457269100	addons.webextension.screenshots@mozilla.org	WARN	Loading extension 'screenshots@mozilla.org': Reading manifest: Invalid extension permission: about:reader*
1575457270946	Marionette	INFO	Listening on port 8145
1575457271013	Marionette	WARN	TLS certificate errors will be ignored for this session
console.error: BroadcastService: 
  receivedBroadcastMessage: handler for
  remote-settings/monitor_changes
  threw error:
  Message: Error: Polling for changes failed: http://%(server)s/dummy/blocklist//buckets/monitor/collections/changes/records?_expected=%221575448918517%22 is not a valid URL..
  Stack:
    remoteSettingsFunction/remoteSettings.pollChanges@resource://services-settings/remote-settings.js:203:13

1575457305503	Marionette	INFO	Stopped listening on port 8145
[Parent 8244, Gecko_IOThread] WARNING: pipe error: 109: file z:/task_1559936101/build/src/ipc/chromium/src/chrome/common/ipc_channel_win.cc, line 341
[Child 6104, Chrome_ChildThread] WARNING: pipe error: 109: file z:/task_1559936101/build/src/ipc/chromium/src/chrome/common/ipc_channel_win.cc, line 341
[Parent 8244, Gecko_IOThread] WARNING: pipe error: 109: file z:/task_1559936101/build/src/ipc/chromium/src/chrome/common/ipc_channel_win.cc, line 341
[Child 11172, Chrome_ChildThread] WARNING: pipe error: 109: file z:/task_1559936101/build/src/ipc/chromium/src/chrome/common/ipc_channel_win.cc, line 341
[Child 11172, Chrome_ChildThread] WARN
###!!! [Child][RunMessage] Error: Channel closing: too late to send/recv, messages will be lost

[GPU 4620, Chrome_ChildThread] WARNING: pipe error: 1
###!!! [Child][MessageChannel::SendAndWait] Error: Channel error: cannot send/recv

1575457338941	mozrunner::runner	INFO	Running command: "C:\\Program Files\\Mozilla Firefox\\firefox.exe" "-marionette" "-foreground" "-no-remote" "-profile" "C:\\Users\\胡杰\\AppData\\Local\\Temp\\rust_mozprofileNJxfYT"
1575457339604	addons.webextension.screenshots@mozilla.org	WARN	Loading extension 'screenshots@mozilla.org': Reading manifest: Invalid extension permission: mozillaAddons
1575457339605	addons.webextension.screenshots@mozilla.org	WARN	Loading extension 'screenshots@mozilla.org': Reading manifest: Invalid extension permission: resource://pdf.js/
1575457339605	addons.webextension.screenshots@mozilla.org	WARN	Loading extension 'screenshots@mozilla.org': Reading manifest: Invalid extension permission: about:reader*
1575457341306	Marionette	INFO	Listening on port 8187
1575457341564	Marionette	WARN	TLS certificate errors will be ignored for this session
1575457376341	Marionette	INFO	Stopped listening on port 8187
[Child 6672, Chrome_ChildThread] WARNING: pipe error: 109: file z:/task_1559936101/build/src/ipc/chromium/src/chrome/common/ipc_channel_win.cc, line 341
[Child 6672, Chrome_Chi[Child 11112, C[Child 17668, Chrome_ChildThread] WARNING: pipe error: 109: file z:/task_1559936101/build/src/ipc/chromium/src/chrome/common/ipc_channel_win.cc, line 341
[Child 17668, Chrome_ChildThread] WARNING: pipe error: 109: file z:/task_1559936101/build/src/ipc/chromium/src/chrome/common/ipc_channel_win.cc, line 341

###!!! [Child][RunMessage] Error: Channel closing: too late to send/recv, messages will be lost

[GPU 18132, Chrom
###!!! [Child][MessageChannel::SendAndWait] Error: Channel error: cannot send/recv

